<?xml version="1.0" encoding="UTF-8"?>
<!-- Generated by org.testng.reporters.JUnitReportReporter -->
<testsuite hostname="Windows81" name="com.vtiger.testscripts.CreateOrganisationTest" tests="1" failures="0" timestamp="17 Jun 2020 09:27:06 GMT" time="219.204" errors="0">
  <testcase name="createOrg" time="219.204" classname="com.vtiger.testscripts.CreateOrganisationTest"/>
</testsuite> <!-- com.vtiger.testscripts.CreateOrganisationTest -->
