<?xml version="1.0" encoding="UTF-8"?>
<!-- Generated by org.testng.reporters.JUnitReportReporter -->
<testsuite hostname="Windows81" name="com.vtiger.testscripts.CreateLeadTest" tests="1" failures="0" timestamp="17 Jun 2020 08:43:20 GMT" time="245.792" errors="0">
  <testcase name="createLead" time="245.792" classname="com.vtiger.testscripts.CreateLeadTest"/>
</testsuite> <!-- com.vtiger.testscripts.CreateLeadTest -->
